<?xml version="1.0" encoding="UTF-8" ?>
<testsuite errors="4" failures="0" hostname="pwng-mac.local" name="ngpanwei.tests.unit.UnitTests" tests="68" time="1.411" timestamp="2014-04-25T12:41:43">
  <properties>
[...]
</properties>
  <testcase classname="Scenario: login successful" name="Given user is on any page" time="0.002" />
  <testcase classname="Scenario: login successful" name="When user enters &quot;username&quot; and &quot;password&quot;" time="0.001" />
  <testcase classname="Scenario: login successful" name="And submit login" time="0.0" />
  <testcase classname="Scenario: login successful" name="Then the user has logged in successfully" time="0.001" />
  <testcase classname="junit.framework.TestSuite" name="Scenario: login successful" time="0.0" />
  <testcase classname="Scenario: login failure" name="Given user is on any page" time="0.001" />
  <testcase classname="Scenario: login failure" name="When user enters &quot;username&quot; and &quot;wrong password&quot;" time="0.0" />
  <testcase classname="Scenario: login failure" name="And submit login" time="0.004">
    <error type="java.lang.NullPointerException">java.lang.NullPointerException
	at ngpanwei.jEssence.app.login.LoginServlet.doGet(LoginServlet.java:44)
	at ngpanwei.tests.unit.login.LoginUnitSteps.submit_login(LoginUnitSteps.java:59)
	at ✽.And submit login(login/login.feature:15)
</error>
  </testcase>
  <testcase classname="junit.framework.TestSuite" name="Scenario: login failure" time="0.0">
    <error type="java.lang.NullPointerException">java.lang.NullPointerException
	at ngpanwei.jEssence.app.login.LoginServlet.doGet(LoginServlet.java:44)
	at ngpanwei.tests.unit.login.LoginUnitSteps.submit_login(LoginUnitSteps.java:59)
	at ✽.And submit login(login/login.feature:15)
</error>
  </testcase>
  <testcase classname="junit.framework.TestSuite" name="Scenario: login failure" time="0.0" />
  <testcase classname="| username | password | pass |" name="Given user is on any page" time="0.0" />
  <testcase classname="| username | password | pass |" name="When user enters &quot;username&quot; and &quot;password&quot;" time="0.0" />
  <testcase classname="| username | password | pass |" name="And submit login" time="0.0" />
  <testcase classname="junit.framework.TestSuite" name="| username | password | pass |" time="0.0" />
  <testcase classname="| username | wrong | fail |" name="Given user is on any page" time="0.0" />
  <testcase classname="| username | wrong | fail |" name="When user enters &quot;username&quot; and &quot;wrong&quot;" time="0.0" />
  <testcase classname="| username | wrong | fail |" name="And submit login" time="0.0">
    <error type="java.lang.NullPointerException">java.lang.NullPointerException
	at ngpanwei.jEssence.app.login.LoginServlet.doGet(LoginServlet.java:44)
	at ngpanwei.tests.unit.login.LoginUnitSteps.submit_login(LoginUnitSteps.java:59)
	at ✽.And submit login(login/login.feature:23)
</error>
  </testcase>
  <testcase classname="junit.framework.TestSuite" name="| username | wrong | fail |" time="0.0">
    <error type="java.lang.NullPointerException">java.lang.NullPointerException
	at ngpanwei.jEssence.app.login.LoginServlet.doGet(LoginServlet.java:44)
	at ngpanwei.tests.unit.login.LoginUnitSteps.submit_login(LoginUnitSteps.java:59)
	at ✽.And submit login(login/login.feature:23)
</error>
  </testcase>
  <testcase classname="junit.framework.TestSuite" name="| username | wrong | fail |" time="0.0" />
  <testcase classname="junit.framework.TestSuite" name="Scenario: Improvement Comparison" time="0.0" />
  <testcase classname="junit.framework.TestSuite" name="Scenario: search with rules" time="0.0" />
  <testcase classname="junit.framework.TestSuite" name="Scenario: search different combinations" time="0.0" />
  <testcase classname="junit.framework.TestSuite" name="| user1 | &quot;Product ABC&quot; | &quot;product-ABC.docx&quot; | 10 |" time="0.0" />
  <testcase classname="junit.framework.TestSuite" name="| user1 | &quot;Product DEF&quot; | &quot;product-DEF.docx&quot; | 10 |" time="0.0" />
  <testcase classname="junit.framework.TestSuite" name="Scenario: Story 001-001 成员成功登入团队" time="0.0" />
  <testcase classname="junit.framework.JUnit4TestCaseFacade" name="Scenario: Story 001-002" time="0.003" />
  <testcase classname="junit.framework.TestSuite" name="Scenario: Story-002-001 成员都在东一个团队" time="0.0" />
  <testcase classname="junit.framework.JUnit4TestCaseFacade" name="Scenario: " time="0.003" />
  <testcase classname="junit.framework.JUnit4TestCaseFacade" name="Scenario: Story 003-001" time="0.002" />
  <testcase classname="Scenario: Manage Task" name="Given user is on task management" time="0.0" />
  <testcase classname="Scenario: Manage Task" name="When user views tasks" time="0.0" />
  <testcase classname="Scenario: Manage Task" name="Then system displays task list" time="0.0" />
  <testcase classname="junit.framework.TestSuite" name="Scenario: Manage Task" time="0.0" />
  <testcase classname="junit.framework.JUnit4TestCaseFacade" name="Scenario: Create repository" time="0.004" />
  <system-out><![CDATA[Task name is:Task-1
Task name is:Task-2
Task name is:Task-3
Feature: Login to the website
  As a user I want to login to the website from any visitor.
  
  `

  Scenario: login successful                   # login/login.feature:5
    Given user is on any page                  # LoginUnitSteps.user_is_on_any_page()
    When user enters "username" and "password" # LoginUnitSteps.user_enters_and(String,String)
    And submit login                           # LoginUnitSteps.submit_login()
    Then the user has logged in successfully   # LoginUnitSteps.the_user_has_logged_in_successfully()

  @Sample
  Scenario: login failure                            # login/login.feature:12
    Given user is on any page                        # LoginUnitSteps.user_is_on_any_page()
    When user enters "username" and "wrong password" # LoginUnitSteps.user_enters_and(String,String)
    And submit login                                 # LoginUnitSteps.submit_login()
      java.lang.NullPointerException
      	at ngpanwei.jEssence.app.login.LoginServlet.doGet(LoginServlet.java:44)
      	at ngpanwei.tests.unit.login.LoginUnitSteps.submit_login(LoginUnitSteps.java:59)
      	at ?.And submit login(login/login.feature:15)

    Then the user cannot login
    And ???? "??"

  @All @Manual
  Scenario Outline: login data                 # login/login.feature:28
    Given user is on any page                  # LoginUnitSteps.user_is_on_any_page()
    When user enters "username" and "password" # LoginUnitSteps.user_enters_and(String,String)
    And submit login                           # LoginUnitSteps.submit_login()
    Then the login is "pass"

  @All @Manual
  Scenario Outline: login data              # login/login.feature:29
    Given user is on any page               # LoginUnitSteps.user_is_on_any_page()
    When user enters "username" and "wrong" # LoginUnitSteps.user_enters_and(String,String)
    And submit login                        # LoginUnitSteps.submit_login()
      java.lang.NullPointerException
      	at ngpanwei.jEssence.app.login.LoginServlet.doGet(LoginServlet.java:44)
      	at ngpanwei.tests.unit.login.LoginUnitSteps.submit_login(LoginUnitSteps.java:59)
      	at ?.And submit login(login/login.feature:23)

    Then the login is "fail"
Feature: Search Improvement

  Scenario: Improvement Comparison                               # search/search-improvement.feature:3
    Given user search for "Product ABC" with search rule "rule1"
    When user search for "Product ABC" with search rule "rule2"
    Then the position of search result should come "earlier"
Feature: Search Effectiveness
  Increase search effectiveness by changing search rules for designated 
  user groups and search key combinations

  Scenario: search with rules                                          # search/search.feature:5
    Given a user ?user1? who wants to search for ?product ABC?
    When user executes search with rule ?abc?
    Then the search result should contain ?product.docx?
    And the position of ?product.docx? should occur with position ?10?

  Scenario: search different combinations                                  # search/search.feature:11
    Given a user ?user1? who wants to search for ?product ABC?
    When user executes search using any keyword combination
    Then the search result should contain ?product-ABC.docx?
    And the position of ?product-ABC.docx? should occur with position ?10?

  Scenario Outline: search different keys with differet combinations         # search/search.feature:25
    Given a user ?user1? who wants to search for ?"Product ABC"?
    When user executes search using any keyword combination
    Then the search result should contain ?"product-ABC.docx"?
    And the position of ?"product-ABC.docx"? should occur with position ?10?

  Scenario Outline: search different keys with differet combinations         # search/search.feature:26
    Given a user ?user1? who wants to search for ?"Product DEF"?
    When user executes search using any keyword combination
    Then the search result should contain ?"product-DEF.docx"?
    And the position of ?"product-DEF.docx"? should occur with position ?10?
# encoding: utf-8
Feature: Use Case 001 - ??????
  ????????????????????????
  ???
  ? ???????
  ? ????????
  ? ???????????????

  @MVP
  Scenario: Story 001-001 ???????? # sharing/001-Use-Case-Browse-Content.feature:11
    Given ??????A                  # BrowseContentStepDefs.??????A()
      cucumber.api.PendingException: TODO: implement me
      	at ngpanwei.tests.unit.sharing.BrowseContentStepDefs.??????A(BrowseContentStepDefs.java:20)
      	at ?.Given ??????A(sharing/001-Use-Case-Browse-Content.feature:12)

    When ??????                    # BrowseContentStepDefs.??????()
    Then ??????                    # BrowseContentStepDefs.??????()
    And ??????????                 # BrowseContentStepDefs.??????????()

  Scenario: Story 001-002 # sharing/001-Use-Case-Browse-Content.feature:18
# encoding: utf-8
Feature: Use Case 002 - ??? ????? ???
  ??A???X?????????B?????B?????????
  ??
  ? ??????????
  ? ????????????
  ? ???????????
  ? ??????????

  @UnitTest
  Scenario: Story-002-001 ????????? # sharing/002-Use-Case-Share-Content.feature:12
    Given ??A ???????
    And ??????
    When ??A ????? ??B
    And ??B ?????
    Then ????????????

  Scenario:  # sharing/002-Use-Case-Share-Content.feature:19
# encoding: utf-8
Feature: Use Case 003 ? ?? ??? ??
  ??????????????
  ???
  ? ???????
  ? ????????

  Scenario: Story 003-001 # sharing/003-Use-Case-Seek-Help.feature:9
Feature: Story011-010 Manage Tasks

  @All
  Scenario: Manage Task              # task/task.feature:4
    Given user is on task management # TaskBrowsingUnitSteps.user_is_on_task_management()
    When user views tasks            # TaskBrowsingUnitSteps.user_views_tasks()
    Then system displays task list   # TaskBrowsingUnitSteps.system_displays_task_list()
Feature: Manage a repository of work

  Scenario: Create repository # wip/repository.feature:3

16 Scenarios (2 failed, 1 pending, 7 undefined, 6 passed)
48 Steps (2 failed, 3 skipped, 1 pending, 28 undefined, 14 passed)
0m0.541s

java.lang.NullPointerException
	at ngpanwei.jEssence.app.login.LoginServlet.doGet(LoginServlet.java:44)
	at ngpanwei.tests.unit.login.LoginUnitSteps.submit_login(LoginUnitSteps.java:59)
	at ?.And submit login(login/login.feature:15)

java.lang.NullPointerException
	at ngpanwei.jEssence.app.login.LoginServlet.doGet(LoginServlet.java:44)
	at ngpanwei.tests.unit.login.LoginUnitSteps.submit_login(LoginUnitSteps.java:59)
	at ?.And submit login(login/login.feature:23)

cucumber.api.PendingException: TODO: implement me
	at ngpanwei.tests.unit.sharing.BrowseContentStepDefs.??????A(BrowseContentStepDefs.java:20)
	at ?.Given ??????A(sharing/001-Use-Case-Browse-Content.feature:12)


You can implement missing steps with the snippets below:

@Then("^the user cannot login$")
public void the_user_cannot_login() throws Throwable {
    // Express the Regexp above with the code you wish you had
    throw new PendingException();
}

@Then("^???? \"([^\"]*)\"$")
public void ????(String arg1) throws Throwable {
    // Express the Regexp above with the code you wish you had
    throw new PendingException();
}

@Then("^the login is \"([^\"]*)\"$")
public void the_login_is(String arg1) throws Throwable {
    // Express the Regexp above with the code you wish you had
    throw new PendingException();
}

@Given("^user search for \"([^\"]*)\" with search rule \"([^\"]*)\"$")
public void user_search_for_with_search_rule(String arg1, String arg2) throws Throwable {
    // Express the Regexp above with the code you wish you had
    throw new PendingException();
}

@When("^user search for \"([^\"]*)\" with search rule \"([^\"]*)\"$")
public void user_search_for_with_search_rule(String arg1, String arg2) throws Throwable {
    // Express the Regexp above with the code you wish you had
    throw new PendingException();
}

@Then("^the position of search result should come \"([^\"]*)\"$")
public void the_position_of_search_result_should_come(String arg1) throws Throwable {
    // Express the Regexp above with the code you wish you had
    throw new PendingException();
}

@Given("^a user ?user(\\d+)? who wants to search for ?product ABC?$")
public void a_user_user_who_wants_to_search_for_product_ABC(int arg1) throws Throwable {
    // Express the Regexp above with the code you wish you had
    throw new PendingException();
}

@When("^user executes search with rule ?abc?$")
public void user_executes_search_with_rule_abc() throws Throwable {
    // Express the Regexp above with the code you wish you had
    throw new PendingException();
}

@Then("^the search result should contain ?product.docx?$")
public void the_search_result_should_contain_product_docx() throws Throwable {
    // Express the Regexp above with the code you wish you had
    throw new PendingException();
}

@Then("^the position of ?product.docx? should occur with position ?(\\d+)?$")
public void the_position_of_product_docx_should_occur_with_position_(int arg1) throws Throwable {
    // Express the Regexp above with the code you wish you had
    throw new PendingException();
}

@When("^user executes search using any keyword combination$")
public void user_executes_search_using_any_keyword_combination() throws Throwable {
    // Express the Regexp above with the code you wish you had
    throw new PendingException();
}

@Then("^the search result should contain ?product-ABC.docx?$")
public void the_search_result_should_contain_product_ABC_docx() throws Throwable {
    // Express the Regexp above with the code you wish you had
    throw new PendingException();
}

@Then("^the position of ?product-ABC.docx? should occur with position ?(\\d+)?$")
public void the_position_of_product_ABC_docx_should_occur_with_position_(int arg1) throws Throwable {
    // Express the Regexp above with the code you wish you had
    throw new PendingException();
}

@Given("^a user ?user(\\d+)? who wants to search for ?\"([^\"]*)\"?$")
public void a_user_user_who_wants_to_search_for_(int arg1, String arg2) throws Throwable {
    // Express the Regexp above with the code you wish you had
    throw new PendingException();
}

@Then("^the search result should contain ?\"([^\"]*)\"?$")
public void the_search_result_should_contain_(String arg1) throws Throwable {
    // Express the Regexp above with the code you wish you had
    throw new PendingException();
}

@Then("^the position of ?\"([^\"]*)\"? should occur with position ?(\\d+)?$")
public void the_position_of_should_occur_with_position_(String arg1, int arg2) throws Throwable {
    // Express the Regexp above with the code you wish you had
    throw new PendingException();
}

@Given("^??A ???????$")
public void ??A_???????() throws Throwable {
    // Express the Regexp above with the code you wish you had
    throw new PendingException();
}

@Given("^??????$")
public void ??????() throws Throwable {
    // Express the Regexp above with the code you wish you had
    throw new PendingException();
}

@When("^??A ????? ??B$")
public void ??A_?????_??B() throws Throwable {
    // Express the Regexp above with the code you wish you had
    throw new PendingException();
}

@When("^??B ?????$")
public void ??B_?????() throws Throwable {
    // Express the Regexp above with the code you wish you had
    throw new PendingException();
}

@Then("^????????????$")
public void ????????????() throws Throwable {
    // Express the Regexp above with the code you wish you had
    throw new PendingException();
}

]]></system-out>
  <system-err><![CDATA[Apr 25, 2014 8:41:42 PM org.springframework.beans.factory.xml.XmlBeanDefinitionReader loadBeanDefinitions
INFO: Loading XML bean definitions from class path resource [cucumber/runtime/java/spring/cucumber-glue.xml]
Apr 25, 2014 8:41:42 PM org.springframework.context.support.AbstractApplicationContext prepareRefresh
INFO: Refreshing org.springframework.context.support.GenericXmlApplicationContext@158f07f1: startup date [Fri Apr 25 20:41:42 CIT 2014]; root of context hierarchy
Apr 25, 2014 8:41:42 PM org.springframework.beans.factory.annotation.AutowiredAnnotationBeanPostProcessor <init>
INFO: JSR-330 'javax.inject.Inject' annotation found and supported for autowiring
Created Session
Session user: username
Created Session
Apr 25, 2014 8:41:43 PM org.springframework.test.context.TestContextManager retrieveTestExecutionListeners
INFO: Could not instantiate TestExecutionListener class [org.springframework.test.context.web.ServletTestExecutionListener]. Specify custom listener classes or make the default listener classes (and their dependencies) available.
Apr 25, 2014 8:41:43 PM org.springframework.test.context.TestContextManager retrieveTestExecutionListeners
INFO: Could not instantiate TestExecutionListener class [org.springframework.test.context.transaction.TransactionalTestExecutionListener]. Specify custom listener classes or make the default listener classes (and their dependencies) available.
Apr 25, 2014 8:41:43 PM org.springframework.beans.factory.xml.XmlBeanDefinitionReader loadBeanDefinitions
INFO: Loading XML bean definitions from class path resource [ApplicationContext.xml]
Apr 25, 2014 8:41:44 PM org.springframework.context.support.AbstractApplicationContext prepareRefresh
INFO: Refreshing org.springframework.context.support.GenericApplicationContext@5d2572b8: startup date [Fri Apr 25 20:41:44 CIT 2014]; root of context hierarchy
Apr 25, 2014 8:41:44 PM org.springframework.beans.factory.annotation.AutowiredAnnotationBeanPostProcessor <init>
INFO: JSR-330 'javax.inject.Inject' annotation found and supported for autowiring
]]></system-err>
</testsuite>
