<?xml version="1.0" encoding="UTF-8" ?>
<testsuite errors="1" failures="0" hostname="I" name="ngpanwei.tests.unit.UnitTests" tests="1" time="0.0" timestamp="2014-12-03T07:50:17">
  <properties>
[...]
</properties>
  <error message="ngpanwei.tests.unit.UnitTests" type="java.lang.ClassNotFoundException">java.lang.ClassNotFoundException: ngpanwei.tests.unit.UnitTests
	at java.lang.ClassLoader.loadClass(ClassLoader.java:357)
	at java.lang.Class.forName0(Native Method)
	at java.lang.Class.forName(Class.java:270)
	at org.eclipse.ant.internal.launching.remote.InternalAntRunner.parseBuildFile(InternalAntRunner.java:192)
	at org.eclipse.ant.internal.launching.remote.InternalAntRunner.run(InternalAntRunner.java:401)
	at org.eclipse.ant.internal.launching.remote.InternalAntRunner.main(InternalAntRunner.java:138)
</error>
  <system-out><![CDATA[]]></system-out>
  <system-err><![CDATA[]]></system-err>
</testsuite>
