<?xml version="1.0" encoding="UTF-8" ?>
<testsuite errors="1" failures="2" hostname="I" name="ngpanwei.bdd.suites.AllTest" tests="9" time="0.354" timestamp="2014-12-13T04:22:24">
  <properties>
[...]
</properties>
  <testcase classname="Scenario: 有未完成任务" name="Given Sprint 开始日期是 2014-05-23" time="0.001" />
  <testcase classname="Scenario: 有未完成任务" name="Given Backlog 有 任务:" time="0.0" />
  <testcase classname="Scenario: 有未完成任务" name="And 任务的内容是" time="0.003">
    <failure message="expected null, but was:&lt;{&quot;detail&quot;:&quot;作为消费者，我要快速商品计算总价&quot;,&quot;comments&quot;:[{&quot;line&quot;:&quot;应该可选不同货币&quot;},{&quot;line&quot;:&quot;总价必须两位数&quot;}]}&gt;" type="junit.framework.AssertionFailedError">junit.framework.AssertionFailedError: expected null, but was:&lt;{&quot;detail&quot;:&quot;作为消费者，我要快速商品计算总价&quot;,&quot;comments&quot;:[{&quot;line&quot;:&quot;应该可选不同货币&quot;},{&quot;line&quot;:&quot;总价必须两位数&quot;}]}&gt;
	at ngpanwei.bdd.stepdefs.BacklogStepDefs.任务_的内容是(BacklogStepDefs.java:72)
	at ✽.And 任务的内容是(BacklogManagement.feature:40)
</failure>
  </testcase>
  <testcase classname="junit.framework.TestSuite" name="Scenario: 有未完成任务" time="0.0">
    <failure message="expected null, but was:&lt;{&quot;detail&quot;:&quot;作为消费者，我要快速商品计算总价&quot;,&quot;comments&quot;:[{&quot;line&quot;:&quot;应该可选不同货币&quot;},{&quot;line&quot;:&quot;总价必须两位数&quot;}]}&gt;" type="junit.framework.AssertionFailedError">junit.framework.AssertionFailedError: expected null, but was:&lt;{&quot;detail&quot;:&quot;作为消费者，我要快速商品计算总价&quot;,&quot;comments&quot;:[{&quot;line&quot;:&quot;应该可选不同货币&quot;},{&quot;line&quot;:&quot;总价必须两位数&quot;}]}&gt;
	at ngpanwei.bdd.stepdefs.BacklogStepDefs.任务_的内容是(BacklogStepDefs.java:72)
	at ✽.And 任务的内容是(BacklogManagement.feature:40)
</failure>
  </testcase>
  <testcase classname="junit.framework.TestSuite" name="Scenario: 有未完成任务" time="0.0" />
  <testcase classname="ngpanwei.bdd.suites.JsonFormatting" name="generateHtmlReportFromJson" time="0.004">
    <error message="org/apache/velocity/context/Context" type="java.lang.NoClassDefFoundError">java.lang.NoClassDefFoundError: org/apache/velocity/context/Context
	at ngpanwei.bdd.suites.JsonFormatting.generateHtmlReportFromJson(JsonFormatting.java:24)
Caused by: java.lang.ClassNotFoundException: org.apache.velocity.context.Context
	at java.net.URLClassLoader$1.run(URLClassLoader.java:366)
	at java.net.URLClassLoader$1.run(URLClassLoader.java:355)
	at java.security.AccessController.doPrivileged(Native Method)
	at java.net.URLClassLoader.findClass(URLClassLoader.java:354)
	at java.lang.ClassLoader.loadClass(ClassLoader.java:424)
	at sun.misc.Launcher$AppClassLoader.loadClass(Launcher.java:308)
	at java.lang.ClassLoader.loadClass(ClassLoader.java:357)
</error>
  </testcase>
  <system-out><![CDATA[
1 Scenarios (1 failed)
5 Steps (1 failed, 2 skipped, 2 passed)
0m0.142s

java.lang.AssertionError: expected null, but was:<{"detail":"????????????????","comments":[{"line":"????????"},{"line":"???????"}]}>
	at org.junit.Assert.fail(Assert.java:88)
	at org.junit.Assert.failNotNull(Assert.java:664)
	at org.junit.Assert.assertNull(Assert.java:646)
	at org.junit.Assert.assertNull(Assert.java:656)
	at ngpanwei.bdd.stepdefs.BacklogStepDefs.??_????(BacklogStepDefs.java:72)
	at ?.And ??????(BacklogManagement.feature:40)

]]></system-out>
  <system-err><![CDATA[Sprint Start Date : 2014-05-23
New Task Task123
New Task TaskAB
????????????????
]]></system-err>
</testsuite>
